2026-04-18 22:58:49 [INFO] CSC is loading...   Success！
2026-04-18 22:58:51 [INFO]   Detected cloud rule update, preparing to download~
2026-04-18 22:58:51 [INFO]   Update completed~
2026-04-18 23:05:16 [INFO] CSC is loading...   Success！
2026-04-18 23:07:23 [INFO]    _____  _____  _____ 
2026-04-18 23:07:23 [INFO]   / ____|/ ____|/ ____|
2026-04-18 23:07:23 [INFO]  | |    | (___ | |        [CSC] Version: v0.21.18
2026-04-18 23:07:23 [INFO]  | |     \___ \| |        Minecraft Version: 1.21.1 forge
2026-04-18 23:07:23 [INFO]  | |____ ____) | |____    Problem/Feedback: Tencent QQ：1061133894
2026-04-18 23:07:23 [INFO]   \_____|_____/ \_____|
2026-04-18 23:07:23 [INFO]                        
2026-04-18 23:13:46 [INFO] CSC close completely, thanks for using!
2026-04-18 23:20:31 [INFO]    _____  _____  _____ 
2026-04-18 23:20:31 [INFO]   / ____|/ ____|/ ____|
2026-04-18 23:20:31 [INFO]  | |    | (___ | |        [CSC] Version: v0.21.18
2026-04-18 23:20:31 [INFO]  | |     \___ \| |        Minecraft Version: 1.21.1 forge
2026-04-18 23:20:31 [INFO]  | |____ ____) | |____    Problem/Feedback: Tencent QQ：1061133894
2026-04-18 23:20:31 [INFO]   \_____|_____/ \_____|
2026-04-18 23:20:31 [INFO]                        
2026-04-18 23:21:13 [INFO] CSC close completely, thanks for using!
2026-04-18 23:33:02 [INFO]    _____  _____  _____ 
2026-04-18 23:33:02 [INFO]   / ____|/ ____|/ ____|
2026-04-18 23:33:02 [INFO]  | |    | (___ | |        [CSC] Version: v0.21.18
2026-04-18 23:33:02 [INFO]  | |     \___ \| |        Minecraft Version: 1.21.1 forge
2026-04-18 23:33:02 [INFO]  | |____ ____) | |____    Problem/Feedback: Tencent QQ：1061133894
2026-04-18 23:33:02 [INFO]   \_____|_____/ \_____|
2026-04-18 23:33:02 [INFO]                        
2026-04-18 23:38:36 [INFO] CSC close completely, thanks for using!
2026-04-18 23:38:52 [INFO]    _____  _____  _____ 
2026-04-18 23:38:52 [INFO]   / ____|/ ____|/ ____|
2026-04-18 23:38:52 [INFO]  | |    | (___ | |        [CSC] Version: v0.21.18
2026-04-18 23:38:52 [INFO]  | |     \___ \| |        Minecraft Version: 1.21.1 forge
2026-04-18 23:38:52 [INFO]  | |____ ____) | |____    Problem/Feedback: Tencent QQ：1061133894
2026-04-18 23:38:52 [INFO]   \_____|_____/ \_____|
2026-04-18 23:38:52 [INFO]                        
2026-04-19 00:54:07 [INFO] CSC close completely, thanks for using!
2026-04-19 01:56:13 [INFO]    _____  _____  _____ 
2026-04-19 01:56:13 [INFO]   / ____|/ ____|/ ____|
2026-04-19 01:56:13 [INFO]  | |    | (___ | |        [CSC] Version: v0.21.18
2026-04-19 01:56:13 [INFO]  | |     \___ \| |        Minecraft Version: 1.21.1 forge
2026-04-19 01:56:13 [INFO]  | |____ ____) | |____    Problem/Feedback: Tencent QQ：1061133894
2026-04-19 01:56:13 [INFO]   \_____|_____/ \_____|
2026-04-19 01:56:13 [INFO]                        
2026-04-19 02:06:00 [INFO] CSC close completely, thanks for using!
2026-04-19 02:14:11 [INFO] CSC is loading...   Success！
2026-04-19 02:16:13 [INFO]    _____  _____  _____ 
2026-04-19 02:16:13 [INFO]   / ____|/ ____|/ ____|
2026-04-19 02:16:13 [INFO]  | |    | (___ | |        [CSC] Version: v0.21.18
2026-04-19 02:16:13 [INFO]  | |     \___ \| |        Minecraft Version: 1.21.1 forge
2026-04-19 02:16:13 [INFO]  | |____ ____) | |____    Problem/Feedback: Tencent QQ：1061133894
2026-04-19 02:16:13 [INFO]   \_____|_____/ \_____|
2026-04-19 02:16:13 [INFO]                        
2026-04-19 02:22:54 [INFO] CSC close completely, thanks for using!
2026-04-19 03:07:12 [INFO]    _____  _____  _____ 
2026-04-19 03:07:12 [INFO]   / ____|/ ____|/ ____|
2026-04-19 03:07:12 [INFO]  | |    | (___ | |        [CSC] Version: v0.21.18
2026-04-19 03:07:12 [INFO]  | |     \___ \| |        Minecraft Version: 1.21.1 forge
2026-04-19 03:07:12 [INFO]  | |____ ____) | |____    Problem/Feedback: Tencent QQ：1061133894
2026-04-19 03:07:12 [INFO]   \_____|_____/ \_____|
2026-04-19 03:07:12 [INFO]                        
2026-04-19 03:08:36 [INFO] CSC close completely, thanks for using!
2026-04-19 03:09:06 [INFO]    _____  _____  _____ 
2026-04-19 03:09:06 [INFO]   / ____|/ ____|/ ____|
2026-04-19 03:09:06 [INFO]  | |    | (___ | |        [CSC] Version: v0.21.18
2026-04-19 03:09:06 [INFO]  | |     \___ \| |        Minecraft Version: 1.21.1 forge
2026-04-19 03:09:06 [INFO]  | |____ ____) | |____    Problem/Feedback: Tencent QQ：1061133894
2026-04-19 03:09:06 [INFO]   \_____|_____/ \_____|
2026-04-19 03:09:06 [INFO]                        
2026-04-19 03:10:46 [INFO] CSC close completely, thanks for using!
2026-04-19 03:10:57 [INFO]    _____  _____  _____ 
2026-04-19 03:10:57 [INFO]   / ____|/ ____|/ ____|
2026-04-19 03:10:57 [INFO]  | |    | (___ | |        [CSC] Version: v0.21.18
2026-04-19 03:10:57 [INFO]  | |     \___ \| |        Minecraft Version: 1.21.1 forge
2026-04-19 03:10:57 [INFO]  | |____ ____) | |____    Problem/Feedback: Tencent QQ：1061133894
2026-04-19 03:10:57 [INFO]   \_____|_____/ \_____|
2026-04-19 03:10:57 [INFO]                        
2026-04-19 03:18:31 [INFO] CSC close completely, thanks for using!
2026-04-19 03:18:49 [INFO]    _____  _____  _____ 
2026-04-19 03:18:49 [INFO]   / ____|/ ____|/ ____|
2026-04-19 03:18:49 [INFO]  | |    | (___ | |        [CSC] Version: v0.21.18
2026-04-19 03:18:49 [INFO]  | |     \___ \| |        Minecraft Version: 1.21.1 forge
2026-04-19 03:18:49 [INFO]  | |____ ____) | |____    Problem/Feedback: Tencent QQ：1061133894
2026-04-19 03:18:49 [INFO]   \_____|_____/ \_____|
2026-04-19 03:18:49 [INFO]                        
2026-04-19 03:19:11 [INFO] CSC close completely, thanks for using!
2026-04-19 12:08:04 [INFO] CSC is loading...   Success！
2026-04-19 12:21:02 [INFO] CSC is loading...   Success！
2026-04-19 12:31:01 [INFO] CSC is loading...   Success！
2026-04-19 12:35:12 [INFO] CSC is loading...   Success！
2026-04-19 12:49:05 [INFO] CSC is loading...   Success！
2026-04-19 14:07:42 [INFO] CSC is loading...   Success！
2026-04-19 16:13:11 [INFO] CSC is loading...   Success！
2026-04-19 16:47:08 [INFO] CSC is loading...   Success！
2026-04-19 17:37:22 [INFO] CSC is loading...   Success！
2026-04-19 17:52:02 [INFO] CSC is loading...   Success！
2026-04-19 17:59:32 [INFO] CSC is loading...   Success！
2026-05-03 12:42:58 [INFO] CSC is loading...   Success！
2026-05-03 12:44:44 [INFO]    _____  _____  _____ 
2026-05-03 12:44:44 [INFO]   / ____|/ ____|/ ____|
2026-05-03 12:44:44 [INFO]  | |    | (___ | |        [CSC] Version: v0.21.18
2026-05-03 12:44:44 [INFO]  | |     \___ \| |        Minecraft Version: 1.21.1 forge
2026-05-03 12:44:44 [INFO]  | |____ ____) | |____    Problem/Feedback: Tencent QQ：1061133894
2026-05-03 12:44:44 [INFO]   \_____|_____/ \_____|
2026-05-03 12:44:44 [INFO]                        
2026-05-03 12:54:04 [INFO] CSC is loading...   Success！
2026-05-03 12:58:44 [INFO]    _____  _____  _____ 
2026-05-03 12:58:44 [INFO]   / ____|/ ____|/ ____|
2026-05-03 12:58:44 [INFO]  | |    | (___ | |        [CSC] Version: v0.21.18
2026-05-03 12:58:44 [INFO]  | |     \___ \| |        Minecraft Version: 1.21.1 forge
2026-05-03 12:58:44 [INFO]  | |____ ____) | |____    Problem/Feedback: Tencent QQ：1061133894
2026-05-03 12:58:44 [INFO]   \_____|_____/ \_____|
2026-05-03 12:58:44 [INFO]                        
2026-05-03 15:03:31 [INFO] CSC close completely, thanks for using!
2026-05-03 15:03:55 [INFO]    _____  _____  _____ 
2026-05-03 15:03:55 [INFO]   / ____|/ ____|/ ____|
2026-05-03 15:03:55 [INFO]  | |    | (___ | |        [CSC] Version: v0.21.18
2026-05-03 15:03:55 [INFO]  | |     \___ \| |        Minecraft Version: 1.21.1 forge
2026-05-03 15:03:55 [INFO]  | |____ ____) | |____    Problem/Feedback: Tencent QQ：1061133894
2026-05-03 15:03:55 [INFO]   \_____|_____/ \_____|
2026-05-03 15:03:55 [INFO]                        
2026-05-03 15:04:18 [INFO] CSC close completely, thanks for using!
2026-05-03 15:04:35 [INFO]    _____  _____  _____ 
2026-05-03 15:04:35 [INFO]   / ____|/ ____|/ ____|
2026-05-03 15:04:35 [INFO]  | |    | (___ | |        [CSC] Version: v0.21.18
2026-05-03 15:04:35 [INFO]  | |     \___ \| |        Minecraft Version: 1.21.1 forge
2026-05-03 15:04:35 [INFO]  | |____ ____) | |____    Problem/Feedback: Tencent QQ：1061133894
2026-05-03 15:04:35 [INFO]   \_____|_____/ \_____|
2026-05-03 15:04:35 [INFO]                        
2026-05-03 15:06:41 [INFO] CSC is loading...   Success！
2026-05-03 15:08:44 [INFO]    _____  _____  _____ 
2026-05-03 15:08:44 [INFO]   / ____|/ ____|/ ____|
2026-05-03 15:08:44 [INFO]  | |    | (___ | |        [CSC] Version: v0.21.18
2026-05-03 15:08:44 [INFO]  | |     \___ \| |        Minecraft Version: 1.21.1 forge
2026-05-03 15:08:44 [INFO]  | |____ ____) | |____    Problem/Feedback: Tencent QQ：1061133894
2026-05-03 15:08:44 [INFO]   \_____|_____/ \_____|
2026-05-03 15:08:44 [INFO]                        
2026-05-03 17:29:38 [INFO] CSC is loading...   Success！
2026-05-03 19:11:20 [INFO] CSC is loading...   Success！
2026-05-03 19:26:37 [INFO]    _____  _____  _____ 
2026-05-03 19:26:37 [INFO]   / ____|/ ____|/ ____|
2026-05-03 19:26:37 [INFO]  | |    | (___ | |        [CSC] Version: v0.21.18
2026-05-03 19:26:37 [INFO]  | |     \___ \| |        Minecraft Version: 1.21.1 forge
2026-05-03 19:26:37 [INFO]  | |____ ____) | |____    Problem/Feedback: Tencent QQ：1061133894
2026-05-03 19:26:37 [INFO]   \_____|_____/ \_____|
2026-05-03 19:26:37 [INFO]                        
2026-05-03 19:28:43 [INFO] CSC is loading...   Success！
2026-05-03 19:31:24 [INFO]    _____  _____  _____ 
2026-05-03 19:31:24 [INFO]   / ____|/ ____|/ ____|
2026-05-03 19:31:24 [INFO]  | |    | (___ | |        [CSC] Version: v0.21.18
2026-05-03 19:31:24 [INFO]  | |     \___ \| |        Minecraft Version: 1.21.1 forge
2026-05-03 19:31:24 [INFO]  | |____ ____) | |____    Problem/Feedback: Tencent QQ：1061133894
2026-05-03 19:31:24 [INFO]   \_____|_____/ \_____|
2026-05-03 19:31:24 [INFO]                        
2026-05-03 19:46:33 [INFO] CSC close completely, thanks for using!
2026-05-03 19:48:09 [INFO] CSC is loading...   Success！
2026-05-03 19:51:12 [INFO]    _____  _____  _____ 
2026-05-03 19:51:12 [INFO]   / ____|/ ____|/ ____|
2026-05-03 19:51:12 [INFO]  | |    | (___ | |        [CSC] Version: v0.21.18
2026-05-03 19:51:12 [INFO]  | |     \___ \| |        Minecraft Version: 1.21.1 forge
2026-05-03 19:51:12 [INFO]  | |____ ____) | |____    Problem/Feedback: Tencent QQ：1061133894
2026-05-03 19:51:12 [INFO]   \_____|_____/ \_____|
2026-05-03 19:51:12 [INFO]                        
2026-05-03 22:45:35 [INFO] CSC close completely, thanks for using!
2026-05-04 17:49:57 [INFO] CSC is loading...   Success！
2026-05-04 19:21:37 [INFO]    _____  _____  _____ 
2026-05-04 19:21:37 [INFO]   / ____|/ ____|/ ____|
2026-05-04 19:21:37 [INFO]  | |    | (___ | |        [CSC] Version: v0.21.18
2026-05-04 19:21:37 [INFO]  | |     \___ \| |        Minecraft Version: 1.21.1 forge
2026-05-04 19:21:37 [INFO]  | |____ ____) | |____    Problem/Feedback: Tencent QQ：1061133894
2026-05-04 19:21:37 [INFO]   \_____|_____/ \_____|
2026-05-04 19:21:37 [INFO]                        
2026-05-05 16:18:35 [INFO] CSC close completely, thanks for using!
2026-05-05 16:20:36 [INFO]    _____  _____  _____ 
2026-05-05 16:20:36 [INFO]   / ____|/ ____|/ ____|
2026-05-05 16:20:36 [INFO]  | |    | (___ | |        [CSC] Version: v0.21.18
2026-05-05 16:20:36 [INFO]  | |     \___ \| |        Minecraft Version: 1.21.1 forge
2026-05-05 16:20:36 [INFO]  | |____ ____) | |____    Problem/Feedback: Tencent QQ：1061133894
2026-05-05 16:20:36 [INFO]   \_____|_____/ \_____|
2026-05-05 16:20:36 [INFO]                        
2026-05-05 16:24:15 [INFO] CSC close completely, thanks for using!
2026-05-05 16:25:30 [INFO] CSC is loading...   Success！
2026-05-05 16:26:58 [INFO]    _____  _____  _____ 
2026-05-05 16:26:58 [INFO]   / ____|/ ____|/ ____|
2026-05-05 16:26:58 [INFO]  | |    | (___ | |        [CSC] Version: v0.21.18
2026-05-05 16:26:58 [INFO]  | |     \___ \| |        Minecraft Version: 1.21.1 forge
2026-05-05 16:26:58 [INFO]  | |____ ____) | |____    Problem/Feedback: Tencent QQ：1061133894
2026-05-05 16:26:58 [INFO]   \_____|_____/ \_____|
2026-05-05 16:26:58 [INFO]                        
2026-05-05 16:28:58 [INFO] CSC is loading...   Success！
2026-05-05 16:31:36 [INFO]    _____  _____  _____ 
2026-05-05 16:31:36 [INFO]   / ____|/ ____|/ ____|
2026-05-05 16:31:36 [INFO]  | |    | (___ | |        [CSC] Version: v0.21.18
2026-05-05 16:31:36 [INFO]  | |     \___ \| |        Minecraft Version: 1.21.1 forge
2026-05-05 16:31:36 [INFO]  | |____ ____) | |____    Problem/Feedback: Tencent QQ：1061133894
2026-05-05 16:31:36 [INFO]   \_____|_____/ \_____|
2026-05-05 16:31:36 [INFO]                        
2026-05-05 17:32:35 [INFO] CSC close completely, thanks for using!
2026-05-05 17:35:54 [INFO] CSC is loading...   Success！
2026-05-05 17:38:22 [INFO]    _____  _____  _____ 
2026-05-05 17:38:22 [INFO]   / ____|/ ____|/ ____|
2026-05-05 17:38:22 [INFO]  | |    | (___ | |        [CSC] Version: v0.21.18
2026-05-05 17:38:22 [INFO]  | |     \___ \| |        Minecraft Version: 1.21.1 forge
2026-05-05 17:38:22 [INFO]  | |____ ____) | |____    Problem/Feedback: Tencent QQ：1061133894
2026-05-05 17:38:22 [INFO]   \_____|_____/ \_____|
2026-05-05 17:38:22 [INFO]                        
2026-05-05 17:40:19 [INFO] CSC is loading...   Success！
2026-05-05 17:43:22 [INFO] CSC is loading...   Success！
2026-05-05 17:44:48 [INFO]    _____  _____  _____ 
2026-05-05 17:44:48 [INFO]   / ____|/ ____|/ ____|
2026-05-05 17:44:48 [INFO]  | |    | (___ | |        [CSC] Version: v0.21.18
2026-05-05 17:44:48 [INFO]  | |     \___ \| |        Minecraft Version: 1.21.1 forge
2026-05-05 17:44:48 [INFO]  | |____ ____) | |____    Problem/Feedback: Tencent QQ：1061133894
2026-05-05 17:44:48 [INFO]   \_____|_____/ \_____|
2026-05-05 17:44:48 [INFO]                        
2026-05-05 17:49:49 [INFO] CSC close completely, thanks for using!
2026-05-05 17:56:07 [INFO] CSC is loading...   Success！
2026-05-05 18:00:23 [INFO]    _____  _____  _____ 
2026-05-05 18:00:23 [INFO]   / ____|/ ____|/ ____|
2026-05-05 18:00:23 [INFO]  | |    | (___ | |        [CSC] Version: v0.21.18
2026-05-05 18:00:23 [INFO]  | |     \___ \| |        Minecraft Version: 1.21.1 forge
2026-05-05 18:00:23 [INFO]  | |____ ____) | |____    Problem/Feedback: Tencent QQ：1061133894
2026-05-05 18:00:23 [INFO]   \_____|_____/ \_____|
2026-05-05 18:00:23 [INFO]                        
2026-05-05 19:15:47 [INFO] CSC is loading...   Success！
2026-05-05 19:17:05 [INFO]    _____  _____  _____ 
2026-05-05 19:17:05 [INFO]   / ____|/ ____|/ ____|
2026-05-05 19:17:05 [INFO]  | |    | (___ | |        [CSC] Version: v0.21.18
2026-05-05 19:17:05 [INFO]  | |     \___ \| |        Minecraft Version: 1.21.1 forge
2026-05-05 19:17:05 [INFO]  | |____ ____) | |____    Problem/Feedback: Tencent QQ：1061133894
2026-05-05 19:17:05 [INFO]   \_____|_____/ \_____|
2026-05-05 19:17:05 [INFO]                        
2026-05-05 21:27:28 [INFO] CSC close completely, thanks for using!
2026-05-05 21:27:49 [INFO]    _____  _____  _____ 
2026-05-05 21:27:49 [INFO]   / ____|/ ____|/ ____|
2026-05-05 21:27:49 [INFO]  | |    | (___ | |        [CSC] Version: v0.21.18
2026-05-05 21:27:49 [INFO]  | |     \___ \| |        Minecraft Version: 1.21.1 forge
2026-05-05 21:27:49 [INFO]  | |____ ____) | |____    Problem/Feedback: Tencent QQ：1061133894
2026-05-05 21:27:49 [INFO]   \_____|_____/ \_____|
2026-05-05 21:27:49 [INFO]                        
2026-05-05 21:47:08 [INFO] CSC close completely, thanks for using!
2026-05-06 16:06:46 [INFO] CSC is loading...   Success！
2026-05-06 16:12:47 [INFO] CSC is loading...   Success！
2026-05-06 16:15:21 [INFO]    _____  _____  _____ 
2026-05-06 16:15:21 [INFO]   / ____|/ ____|/ ____|
2026-05-06 16:15:21 [INFO]  | |    | (___ | |        [CSC] Version: v0.21.18
2026-05-06 16:15:21 [INFO]  | |     \___ \| |        Minecraft Version: 1.21.1 forge
2026-05-06 16:15:21 [INFO]  | |____ ____) | |____    Problem/Feedback: Tencent QQ：1061133894
2026-05-06 16:15:21 [INFO]   \_____|_____/ \_____|
2026-05-06 16:15:21 [INFO]                        
2026-05-06 17:45:24 [INFO] CSC close completely, thanks for using!
2026-05-06 17:45:34 [INFO]    _____  _____  _____ 
2026-05-06 17:45:34 [INFO]   / ____|/ ____|/ ____|
2026-05-06 17:45:34 [INFO]  | |    | (___ | |        [CSC] Version: v0.21.18
2026-05-06 17:45:34 [INFO]  | |     \___ \| |        Minecraft Version: 1.21.1 forge
2026-05-06 17:45:34 [INFO]  | |____ ____) | |____    Problem/Feedback: Tencent QQ：1061133894
2026-05-06 17:45:34 [INFO]   \_____|_____/ \_____|
2026-05-06 17:45:34 [INFO]                        
2026-05-06 20:44:41 [INFO] CSC close completely, thanks for using!
2026-05-06 20:45:45 [INFO] CSC is loading...   Success！
2026-05-06 20:48:06 [INFO]    _____  _____  _____ 
2026-05-06 20:48:06 [INFO]   / ____|/ ____|/ ____|
2026-05-06 20:48:06 [INFO]  | |    | (___ | |        [CSC] Version: v0.21.18
2026-05-06 20:48:06 [INFO]  | |     \___ \| |        Minecraft Version: 1.21.1 forge
2026-05-06 20:48:06 [INFO]  | |____ ____) | |____    Problem/Feedback: Tencent QQ：1061133894
2026-05-06 20:48:06 [INFO]   \_____|_____/ \_____|
2026-05-06 20:48:06 [INFO]                        
2026-05-06 21:17:59 [INFO] CSC is loading...   Success！
2026-05-06 21:19:16 [INFO]    _____  _____  _____ 
2026-05-06 21:19:16 [INFO]   / ____|/ ____|/ ____|
2026-05-06 21:19:16 [INFO]  | |    | (___ | |        [CSC] Version: v0.21.18
2026-05-06 21:19:16 [INFO]  | |     \___ \| |        Minecraft Version: 1.21.1 forge
2026-05-06 21:19:16 [INFO]  | |____ ____) | |____    Problem/Feedback: Tencent QQ：1061133894
2026-05-06 21:19:16 [INFO]   \_____|_____/ \_____|
2026-05-06 21:19:16 [INFO]                        
2026-05-22 13:32:41 [INFO] CSC is loading...   Success！
2026-05-22 13:43:13 [INFO]    _____  _____  _____ 
2026-05-22 13:43:13 [INFO]   / ____|/ ____|/ ____|
2026-05-22 13:43:13 [INFO]  | |    | (___ | |        [CSC] Version: v0.21.18
2026-05-22 13:43:13 [INFO]  | |     \___ \| |        Minecraft Version: 1.21.1 forge
2026-05-22 13:43:13 [INFO]  | |____ ____) | |____    Problem/Feedback: Tencent QQ：1061133894
2026-05-22 13:43:13 [INFO]   \_____|_____/ \_____|
2026-05-22 13:43:13 [INFO]                        
2026-05-22 14:53:09 [INFO] CSC close completely, thanks for using!
2026-05-26 15:32:55 [INFO] CSC is loading...   Success！
2026-05-26 15:36:49 [INFO]    _____  _____  _____ 
2026-05-26 15:36:49 [INFO]   / ____|/ ____|/ ____|
2026-05-26 15:36:49 [INFO]  | |    | (___ | |        [CSC] Version: v0.21.18
2026-05-26 15:36:49 [INFO]  | |     \___ \| |        Minecraft Version: 1.21.1 forge
2026-05-26 15:36:49 [INFO]  | |____ ____) | |____    Problem/Feedback: Tencent QQ：1061133894
2026-05-26 15:36:49 [INFO]   \_____|_____/ \_____|
2026-05-26 15:36:49 [INFO]                        
2026-05-26 15:46:57 [INFO] CSC is loading...   Success！
2026-05-26 15:48:58 [INFO]    _____  _____  _____ 
2026-05-26 15:48:58 [INFO]   / ____|/ ____|/ ____|
2026-05-26 15:48:58 [INFO]  | |    | (___ | |        [CSC] Version: v0.21.18
2026-05-26 15:48:58 [INFO]  | |     \___ \| |        Minecraft Version: 1.21.1 forge
2026-05-26 15:48:58 [INFO]  | |____ ____) | |____    Problem/Feedback: Tencent QQ：1061133894
2026-05-26 15:48:58 [INFO]   \_____|_____/ \_____|
2026-05-26 15:48:58 [INFO]                        
2026-05-26 16:54:06 [INFO] CSC is loading...   Success！
2026-05-26 16:55:37 [INFO]    _____  _____  _____ 
2026-05-26 16:55:37 [INFO]   / ____|/ ____|/ ____|
2026-05-26 16:55:37 [INFO]  | |    | (___ | |        [CSC] Version: v0.21.18
2026-05-26 16:55:37 [INFO]  | |     \___ \| |        Minecraft Version: 1.21.1 forge
2026-05-26 16:55:37 [INFO]  | |____ ____) | |____    Problem/Feedback: Tencent QQ：1061133894
2026-05-26 16:55:37 [INFO]   \_____|_____/ \_____|
2026-05-26 16:55:37 [INFO]                        
2026-05-26 17:06:28 [INFO] CSC is loading...   Success！
2026-05-26 17:07:57 [INFO]    _____  _____  _____ 
2026-05-26 17:07:57 [INFO]   / ____|/ ____|/ ____|
2026-05-26 17:07:57 [INFO]  | |    | (___ | |        [CSC] Version: v0.21.18
2026-05-26 17:07:57 [INFO]  | |     \___ \| |        Minecraft Version: 1.21.1 forge
2026-05-26 17:07:57 [INFO]  | |____ ____) | |____    Problem/Feedback: Tencent QQ：1061133894
2026-05-26 17:07:57 [INFO]   \_____|_____/ \_____|
2026-05-26 17:07:57 [INFO]                        
2026-05-26 17:16:44 [INFO] CSC is loading...   Success！
2026-05-26 17:21:45 [INFO] CSC is loading...   Success！
2026-05-26 17:24:06 [INFO] CSC is loading...   Success！
2026-05-26 17:28:22 [INFO] CSC is loading...   Success！
2026-05-26 17:31:13 [INFO] CSC is loading...   Success！
2026-05-26 17:32:48 [INFO]    _____  _____  _____ 
2026-05-26 17:32:48 [INFO]   / ____|/ ____|/ ____|
2026-05-26 17:32:48 [INFO]  | |    | (___ | |        [CSC] Version: v0.21.18
2026-05-26 17:32:48 [INFO]  | |     \___ \| |        Minecraft Version: 1.21.1 forge
2026-05-26 17:32:48 [INFO]  | |____ ____) | |____    Problem/Feedback: Tencent QQ：1061133894
2026-05-26 17:32:48 [INFO]   \_____|_____/ \_____|
2026-05-26 17:32:48 [INFO]                        
2026-05-26 17:35:47 [INFO] CSC is loading...   Success！
2026-05-26 17:37:57 [INFO]    _____  _____  _____ 
2026-05-26 17:37:57 [INFO]   / ____|/ ____|/ ____|
2026-05-26 17:37:57 [INFO]  | |    | (___ | |        [CSC] Version: v0.21.18
2026-05-26 17:37:57 [INFO]  | |     \___ \| |        Minecraft Version: 1.21.1 forge
2026-05-26 17:37:57 [INFO]  | |____ ____) | |____    Problem/Feedback: Tencent QQ：1061133894
2026-05-26 17:37:57 [INFO]   \_____|_____/ \_____|
2026-05-26 17:37:57 [INFO]                        
2026-05-26 17:39:27 [INFO] CSC close completely, thanks for using!
2026-05-26 17:45:38 [INFO] CSC is loading...   Success！
2026-05-26 17:47:09 [INFO]    _____  _____  _____ 
2026-05-26 17:47:09 [INFO]   / ____|/ ____|/ ____|
2026-05-26 17:47:09 [INFO]  | |    | (___ | |        [CSC] Version: v0.21.18
2026-05-26 17:47:09 [INFO]  | |     \___ \| |        Minecraft Version: 1.21.1 forge
2026-05-26 17:47:09 [INFO]  | |____ ____) | |____    Problem/Feedback: Tencent QQ：1061133894
2026-05-26 17:47:09 [INFO]   \_____|_____/ \_____|
2026-05-26 17:47:09 [INFO]                        
2026-05-26 18:22:29 [INFO] CSC is loading...   Success！
2026-05-26 18:25:12 [INFO]    _____  _____  _____ 
2026-05-26 18:25:12 [INFO]   / ____|/ ____|/ ____|
2026-05-26 18:25:12 [INFO]  | |    | (___ | |        [CSC] Version: v0.21.18
2026-05-26 18:25:12 [INFO]  | |     \___ \| |        Minecraft Version: 1.21.1 forge
2026-05-26 18:25:12 [INFO]  | |____ ____) | |____    Problem/Feedback: Tencent QQ：1061133894
2026-05-26 18:25:12 [INFO]   \_____|_____/ \_____|
2026-05-26 18:25:12 [INFO]                        
2026-05-26 18:26:53 [INFO] CSC is loading...   Success！
2026-05-26 18:28:49 [INFO]    _____  _____  _____ 
2026-05-26 18:28:49 [INFO]   / ____|/ ____|/ ____|
2026-05-26 18:28:49 [INFO]  | |    | (___ | |        [CSC] Version: v0.21.18
2026-05-26 18:28:49 [INFO]  | |     \___ \| |        Minecraft Version: 1.21.1 forge
2026-05-26 18:28:49 [INFO]  | |____ ____) | |____    Problem/Feedback: Tencent QQ：1061133894
2026-05-26 18:28:49 [INFO]   \_____|_____/ \_____|
2026-05-26 18:28:49 [INFO]                        
2026-05-26 18:35:46 [INFO] CSC is loading...   Success！
2026-05-26 19:36:22 [INFO]    _____  _____  _____ 
2026-05-26 19:36:22 [INFO]   / ____|/ ____|/ ____|
2026-05-26 19:36:22 [INFO]  | |    | (___ | |        [CSC] Version: v0.21.18
2026-05-26 19:36:22 [INFO]  | |     \___ \| |        Minecraft Version: 1.21.1 forge
2026-05-26 19:36:22 [INFO]  | |____ ____) | |____    Problem/Feedback: Tencent QQ：1061133894
2026-05-26 19:36:22 [INFO]   \_____|_____/ \_____|
2026-05-26 19:36:22 [INFO]                        
2026-05-26 19:38:50 [INFO] CSC is loading...   Success！
2026-05-26 19:42:45 [INFO] CSC is loading...   Success！
2026-05-28 18:43:24 [INFO] CSC is loading...   Success！
2026-05-28 19:44:14 [INFO]    _____  _____  _____ 
2026-05-28 19:44:14 [INFO]   / ____|/ ____|/ ____|
2026-05-28 19:44:14 [INFO]  | |    | (___ | |        [CSC] Version: v0.21.18
2026-05-28 19:44:14 [INFO]  | |     \___ \| |        Minecraft Version: 1.21.1 forge
2026-05-28 19:44:14 [INFO]  | |____ ____) | |____    Problem/Feedback: Tencent QQ：1061133894
2026-05-28 19:44:14 [INFO]   \_____|_____/ \_____|
2026-05-28 19:44:14 [INFO]                        
2026-05-28 19:48:00 [INFO] CSC close completely, thanks for using!
2026-05-28 19:49:38 [INFO] CSC is loading...   Success！
2026-05-28 19:53:03 [INFO]    _____  _____  _____ 
2026-05-28 19:53:03 [INFO]   / ____|/ ____|/ ____|
2026-05-28 19:53:03 [INFO]  | |    | (___ | |        [CSC] Version: v0.21.18
2026-05-28 19:53:03 [INFO]  | |     \___ \| |        Minecraft Version: 1.21.1 forge
2026-05-28 19:53:03 [INFO]  | |____ ____) | |____    Problem/Feedback: Tencent QQ：1061133894
2026-05-28 19:53:03 [INFO]   \_____|_____/ \_____|
2026-05-28 19:53:03 [INFO]                        
2026-05-28 19:54:33 [INFO] CSC is loading...   Success！
2026-05-28 19:56:08 [INFO]    _____  _____  _____ 
2026-05-28 19:56:08 [INFO]   / ____|/ ____|/ ____|
2026-05-28 19:56:08 [INFO]  | |    | (___ | |        [CSC] Version: v0.21.18
2026-05-28 19:56:08 [INFO]  | |     \___ \| |        Minecraft Version: 1.21.1 forge
2026-05-28 19:56:08 [INFO]  | |____ ____) | |____    Problem/Feedback: Tencent QQ：1061133894
2026-05-28 19:56:08 [INFO]   \_____|_____/ \_____|
2026-05-28 19:56:08 [INFO]                        
2026-05-28 20:02:24 [INFO] CSC is loading...   Success！
2026-06-06 18:18:26 [INFO] CSC is loading...   Success！
2026-06-06 18:20:32 [INFO]    _____  _____  _____ 
2026-06-06 18:20:32 [INFO]   / ____|/ ____|/ ____|
2026-06-06 18:20:32 [INFO]  | |    | (___ | |        [CSC] Version: v0.21.18
2026-06-06 18:20:32 [INFO]  | |     \___ \| |        Minecraft Version: 1.21.1 forge
2026-06-06 18:20:32 [INFO]  | |____ ____) | |____    Problem/Feedback: Tencent QQ：1061133894
2026-06-06 18:20:32 [INFO]   \_____|_____/ \_____|
2026-06-06 18:20:32 [INFO]                        
2026-06-06 18:28:59 [INFO] CSC is loading...   Success！
2026-06-06 18:30:51 [INFO]    _____  _____  _____ 
2026-06-06 18:30:51 [INFO]   / ____|/ ____|/ ____|
2026-06-06 18:30:51 [INFO]  | |    | (___ | |        [CSC] Version: v0.21.18
2026-06-06 18:30:51 [INFO]  | |     \___ \| |        Minecraft Version: 1.21.1 forge
2026-06-06 18:30:51 [INFO]  | |____ ____) | |____    Problem/Feedback: Tencent QQ：1061133894
2026-06-06 18:30:51 [INFO]   \_____|_____/ \_____|
2026-06-06 18:30:51 [INFO]                        
2026-06-06 22:49:55 [INFO] CSC close completely, thanks for using!
2026-06-06 22:53:06 [INFO] CSC is loading...   Success！
2026-06-06 22:54:55 [INFO]    _____  _____  _____ 
2026-06-06 22:54:55 [INFO]   / ____|/ ____|/ ____|
2026-06-06 22:54:55 [INFO]  | |    | (___ | |        [CSC] Version: v0.21.18
2026-06-06 22:54:55 [INFO]  | |     \___ \| |        Minecraft Version: 1.21.1 forge
2026-06-06 22:54:55 [INFO]  | |____ ____) | |____    Problem/Feedback: Tencent QQ：1061133894
2026-06-06 22:54:55 [INFO]   \_____|_____/ \_____|
2026-06-06 22:54:55 [INFO]                        
2026-06-06 23:35:30 [INFO] CSC close completely, thanks for using!
2026-06-07 00:15:47 [INFO] CSC is loading...   Success！
2026-06-07 00:31:24 [INFO] CSC is loading...   Success！
2026-06-07 00:33:17 [INFO]    _____  _____  _____ 
2026-06-07 00:33:17 [INFO]   / ____|/ ____|/ ____|
2026-06-07 00:33:17 [INFO]  | |    | (___ | |        [CSC] Version: v0.21.18
2026-06-07 00:33:17 [INFO]  | |     \___ \| |        Minecraft Version: 1.21.1 forge
2026-06-07 00:33:17 [INFO]  | |____ ____) | |____    Problem/Feedback: Tencent QQ：1061133894
2026-06-07 00:33:17 [INFO]   \_____|_____/ \_____|
2026-06-07 00:33:17 [INFO]                        
2026-06-08 13:27:15 [INFO] CSC is loading...   Success！
2026-06-08 13:29:57 [INFO]    _____  _____  _____ 
2026-06-08 13:29:57 [INFO]   / ____|/ ____|/ ____|
2026-06-08 13:29:57 [INFO]  | |    | (___ | |        [CSC] Version: v0.21.18
2026-06-08 13:29:57 [INFO]  | |     \___ \| |        Minecraft Version: 1.21.1 forge
2026-06-08 13:29:57 [INFO]  | |____ ____) | |____    Problem/Feedback: Tencent QQ：1061133894
2026-06-08 13:29:57 [INFO]   \_____|_____/ \_____|
2026-06-08 13:29:57 [INFO]                        
2026-06-09 10:56:29 [INFO] CSC is loading...   Success！
2026-06-09 10:57:46 [INFO]    _____  _____  _____ 
2026-06-09 10:57:46 [INFO]   / ____|/ ____|/ ____|
2026-06-09 10:57:46 [INFO]  | |    | (___ | |        [CSC] Version: v0.21.18
2026-06-09 10:57:46 [INFO]  | |     \___ \| |        Minecraft Version: 1.21.1 forge
2026-06-09 10:57:46 [INFO]  | |____ ____) | |____    Problem/Feedback: Tencent QQ：1061133894
2026-06-09 10:57:46 [INFO]   \_____|_____/ \_____|
2026-06-09 10:57:46 [INFO]                        
2026-06-09 11:21:47 [INFO] CSC close completely, thanks for using!
2026-06-09 11:22:56 [INFO] CSC is loading...   Success！
2026-06-09 11:24:16 [INFO]    _____  _____  _____ 
2026-06-09 11:24:16 [INFO]   / ____|/ ____|/ ____|
2026-06-09 11:24:16 [INFO]  | |    | (___ | |        [CSC] Version: v0.21.18
2026-06-09 11:24:16 [INFO]  | |     \___ \| |        Minecraft Version: 1.21.1 forge
2026-06-09 11:24:16 [INFO]  | |____ ____) | |____    Problem/Feedback: Tencent QQ：1061133894
2026-06-09 11:24:16 [INFO]   \_____|_____/ \_____|
2026-06-09 11:24:16 [INFO]                        
2026-06-09 11:25:04 [INFO] thread run！goal =》./schematics/uploaded/yangggkree/b2_spiritv2_aero_complete.nbt
2026-06-09 11:25:04 [INFO] Meow, output schematic item list!
2026-06-09 11:25:04 [INFO] ID: minecraft:crafting_table, Count: 1
2026-06-09 11:25:04 [INFO] ID: minecraft:lever, Count: 4
2026-06-09 11:25:04 [INFO] ID: create:redstone_link, Count: 62
2026-06-09 11:25:04 [INFO] ID: minecraft:black_stained_glass, Count: 6
2026-06-09 11:25:04 [INFO] ID: createdeco:decal_radioactive, Count: 1
2026-06-09 11:25:04 [INFO] ID: create:sliding_door, Count: 1
2026-06-09 11:25:04 [INFO] ID: create:mechanical_pump, Count: 3
2026-06-09 11:25:04 [INFO] ID: simulated:altitude_sensor, Count: 1
2026-06-09 11:25:04 [INFO] ID: minecraft:polished_blackstone, Count: 10
2026-06-09 11:25:04 [INFO] ID: simulated:docking_connector, Count: 1
2026-06-09 11:25:04 [INFO] ID: create:rotation_speed_controller, Count: 1
2026-06-09 11:25:04 [INFO] ID: minecraft:furnace, Count: 1
2026-06-09 11:25:04 [INFO] ID: create:powered_toggle_latch, Count: 3
2026-06-09 11:25:04 [INFO] ID: minecraft:grindstone, Count: 1
2026-06-09 11:25:04 [INFO] ID: create:display_link, Count: 1
2026-06-09 11:25:04 [INFO] ID: aeronautics:black_envelope, Count: 41
2026-06-09 11:25:04 [INFO] ID: create:clutch, Count: 2
2026-06-09 11:25:04 [INFO] ID: minecraft:dark_oak_slab, Count: 6
2026-06-09 11:25:04 [INFO] ID: createaddition:alternator, Count: 4
2026-06-09 11:25:04 [INFO] ID: minecraft:redstone_lamp, Count: 1
2026-06-09 11:25:04 [INFO] ID: create:mechanical_bearing, Count: 12
2026-06-09 11:25:04 [INFO] ID: createaddition:large_connector, Count: 16
2026-06-09 11:25:04 [INFO] ID: copycats:copycat, Count: 2
2026-06-09 11:25:04 [INFO] ID: create:nixie_tube, Count: 2
2026-06-09 11:25:04 [INFO] ID: minecraft:blackstone_stairs, Count: 17
2026-06-09 11:25:04 [INFO] ID: minecraft:barrel, Count: 4
2026-06-09 11:25:04 [INFO] ID: simulated:directional_gearshift, Count: 5
2026-06-09 11:25:04 [INFO] ID: createdeco:decal_electrical, Count: 1
2026-06-09 11:25:04 [INFO] ID: minecraft:stripped_spruce_log, Count: 2
2026-06-09 11:25:04 [INFO] ID: interiors:gray_floor_chair, Count: 3
2026-06-09 11:25:04 [INFO] ID: simulated:redstone_accumulator, Count: 2
2026-06-09 11:25:04 [INFO] ID: minecraft:gray_wool, Count: 12
2026-06-09 11:25:04 [INFO] ID: simulated:gimbal_sensor, Count: 1
2026-06-09 11:25:04 [INFO] ID: createdeco:red_industrial_iron_lamp, Count: 2
2026-06-09 11:25:04 [INFO] ID: create:andesite_door, Count: 1
2026-06-09 11:25:04 [INFO] ID: create:simple_kinetic, Count: 10
2026-06-09 11:25:04 [INFO] ID: create:copycat, Count: 59
2026-06-09 11:25:04 [INFO] ID: createdeco:industrial_iron_ladder, Count: 2
2026-06-09 11:25:04 [INFO] ID: minecraft:polished_blackstone_stairs, Count: 82
2026-06-09 11:25:04 [INFO] ID: aeronautics:envelope_encased_shaft, Count: 71
2026-06-09 11:25:04 [INFO] ID: simulated:linked_typewriter, Count: 1
2026-06-09 11:25:04 [INFO] ID: create:belt, Count: 2
2026-06-09 11:25:04 [INFO] ID: createdieselgenerators:powered_engine_shaft_block_entity, Count: 8
2026-06-09 11:25:04 [INFO] ID: createdeco:dyed_placard, Count: 3
2026-06-09 11:25:04 [INFO] ID: createpropulsion:ion_thruster_block_entity, Count: 12
2026-06-09 11:25:04 [INFO] ID: create:pulse_repeater, Count: 1
2026-06-09 11:25:04 [INFO] ID: minecraft:redstone_wire, Count: 4
2026-06-09 11:25:04 [INFO] ID: create:chute, Count: 3
2026-06-09 11:25:04 [INFO] ID: create:depot, Count: 3
2026-06-09 11:25:04 [INFO] ID: create:encased_shaft, Count: 41
2026-06-09 11:25:04 [INFO] ID: create:fluid_pipe, Count: 15
2026-06-09 11:25:04 [INFO] ID: simulated:torsion_spring, Count: 9
2026-06-09 11:25:04 [INFO] ID: create:creative_fluid_tank, Count: 18
2026-06-09 11:25:04 [INFO] ID: createdeco:yellow_brass_lamp, Count: 2
2026-06-09 11:25:04 [INFO] ID: minecraft:spruce_slab, Count: 4
2026-06-09 11:25:04 [INFO] ID: create:deployer, Count: 3
2026-06-09 11:25:04 [INFO] ID: simulated:velocity_sensor, Count: 1
2026-06-09 11:25:04 [INFO] ID: createpropulsion:copycat_wing_block_entity, Count: 967
2026-06-09 11:25:04 [INFO] ID: offroad:wheel_mount, Count: 8
2026-06-09 11:25:04 [INFO] ID: create:cut_diorite_wall, Count: 9
2026-06-09 11:25:04 [INFO] ID: copycats:multistate_copycat, Count: 9
2026-06-09 11:25:04 [INFO] ID: minecraft:sign, Count: 3
2026-06-09 11:25:04 [INFO] ID: minecraft:piston_head, Count: 1
2026-06-09 11:25:04 [INFO] ID: minecraft:black_wool, Count: 98
2026-06-09 11:25:04 [INFO] ID: minecraft:spruce_button, Count: 2
2026-06-09 11:25:04 [INFO] ID: createdieselgenerators:huge_diesel_engine_block_entity, Count: 8
2026-06-09 11:25:04 [INFO] ID: simulated:black_symmetric_sail, Count: 109
2026-06-09 11:25:04 [INFO] ID: minecraft:redstone_wall_torch, Count: 6
2026-06-09 11:25:04 [INFO] ID: minecraft:piston, Count: 1
2026-06-09 11:25:04 [INFO] ID: create_connected:inverted_clutch, Count: 4
2026-06-09 11:25:04 [INFO] ID: create:gearbox, Count: 39
2026-06-09 11:25:04 [INFO] ID: minecraft:polished_blackstone_slab, Count: 236
2026-06-09 11:25:04 [INFO] ID: minecraft:deepslate_brick_slab, Count: 5
2026-06-09 11:25:04 [INFO] ID: aeronautics:levitite, Count: 3
2026-06-09 11:25:04 [INFO] ID: simulated:navigation_table, Count: 1
2026-06-09 11:25:04 [INFO] ID: minecraft:diorite_wall, Count: 2
2026-06-09 11:25:04 [INFO] ID: create:encased_cogwheel, Count: 14
2026-06-09 11:25:04 [INFO] ID: create:mechanical_arm, Count: 1
2026-06-09 11:25:04 [INFO] ID: create:stressometer, Count: 1
2026-06-09 11:25:04 [INFO] ID: create_connected:crank_wheel, Count: 1
2026-06-09 11:25:04 [INFO] bibi~ scan success time consume：234 ms
2026-06-09 11:25:37 [INFO] CSC close completely, thanks for using!
